[Thu Jul 15 22:57:49 PDT 2021] - INFO passoff.ServerTest: 	Setting up Clear Test...
[Thu Jul 15 22:57:49 PDT 2021] - INFO client.Proxy: 	Clear called
[Thu Jul 15 22:57:49 PDT 2021] - INFO client.Client: 	Post without Request Body called
[Thu Jul 15 22:57:49 PDT 2021] - INFO client.Client: 	Attempting to open connection to server
[Thu Jul 15 22:57:49 PDT 2021] - INFO client.Client: 	Connection opened to server
[Thu Jul 15 22:57:49 PDT 2021] - INFO client.Client: 	Setting passoffrequest method to POST
[Thu Jul 15 22:57:49 PDT 2021] - INFO client.Client: 	Request method set to POST
[Thu Jul 15 22:57:49 PDT 2021] - INFO client.Client: 	Setting Do Output to true
[Thu Jul 15 22:57:49 PDT 2021] - INFO client.Client: 	Do Output set to true
[Thu Jul 15 22:57:49 PDT 2021] - INFO client.Client: 	Connecting to server
[Thu Jul 15 22:57:49 PDT 2021] - INFO client.Client: 	Connected to server
[Thu Jul 15 22:57:49 PDT 2021] - INFO client.Client: 	Getting response code from server
[Thu Jul 15 22:57:54 PDT 2021] - INFO client.Client: 	Response code 200 returned
[Thu Jul 15 22:57:54 PDT 2021] - INFO client.Client: 	Getting input stream from server
[Thu Jul 15 22:57:54 PDT 2021] - INFO client.Client: 	Reading input stream into a string
[Thu Jul 15 22:57:54 PDT 2021] - INFO passoff.ServerTest: 	Running Clear Test...
[Thu Jul 15 22:57:54 PDT 2021] - INFO client.Proxy: 	Load called
[Thu Jul 15 22:57:54 PDT 2021] - INFO client.Client: 	Post with Request Body called
[Thu Jul 15 22:57:54 PDT 2021] - INFO client.Client: 	Attempting to open connection to server
[Thu Jul 15 22:57:54 PDT 2021] - INFO client.Client: 	Connection opened to server
[Thu Jul 15 22:57:54 PDT 2021] - INFO client.Client: 	Setting passoffrequest method to POST
[Thu Jul 15 22:57:54 PDT 2021] - INFO client.Client: 	Request method set to POST
[Thu Jul 15 22:57:54 PDT 2021] - INFO client.Client: 	Setting Do Output to true
[Thu Jul 15 22:57:54 PDT 2021] - INFO client.Client: 	Do Output set to true
[Thu Jul 15 22:57:54 PDT 2021] - INFO client.Client: 	Connecting to server
[Thu Jul 15 22:57:54 PDT 2021] - INFO client.Client: 	Connected to server
[Thu Jul 15 22:57:54 PDT 2021] - INFO client.Client: 	Opening output stream to server
[Thu Jul 15 22:57:54 PDT 2021] - INFO client.Client: 	Writing passoffrequest to server output stream
[Thu Jul 15 22:57:54 PDT 2021] - INFO client.Client: 	Request written to server output stream
[Thu Jul 15 22:57:54 PDT 2021] - INFO client.Client: 	Closing output stream to server
[Thu Jul 15 22:57:54 PDT 2021] - INFO client.Client: 	Output stream to server closed
[Thu Jul 15 22:57:54 PDT 2021] - INFO client.Client: 	Getting response code from server
[Thu Jul 15 22:57:54 PDT 2021] - INFO client.Client: 	Response code 202 returned
[Thu Jul 15 22:57:54 PDT 2021] - INFO client.Client: 	Getting input stream from server
[Thu Jul 15 22:57:54 PDT 2021] - INFO client.Client: 	Reading input stream into a string
[Thu Jul 15 22:57:54 PDT 2021] - INFO client.Proxy: 	Login called
[Thu Jul 15 22:57:54 PDT 2021] - INFO client.Client: 	Post with Request Body called
[Thu Jul 15 22:57:54 PDT 2021] - INFO client.Client: 	Attempting to open connection to server
[Thu Jul 15 22:57:54 PDT 2021] - INFO client.Client: 	Connection opened to server
[Thu Jul 15 22:57:54 PDT 2021] - INFO client.Client: 	Setting passoffrequest method to POST
[Thu Jul 15 22:57:54 PDT 2021] - INFO client.Client: 	Request method set to POST
[Thu Jul 15 22:57:54 PDT 2021] - INFO client.Client: 	Setting Do Output to true
[Thu Jul 15 22:57:54 PDT 2021] - INFO client.Client: 	Do Output set to true
[Thu Jul 15 22:57:54 PDT 2021] - INFO client.Client: 	Connecting to server
[Thu Jul 15 22:57:54 PDT 2021] - INFO client.Client: 	Connected to server
[Thu Jul 15 22:57:54 PDT 2021] - INFO client.Client: 	Opening output stream to server
[Thu Jul 15 22:57:54 PDT 2021] - INFO client.Client: 	Writing passoffrequest to server output stream
[Thu Jul 15 22:57:54 PDT 2021] - INFO client.Client: 	Request written to server output stream
[Thu Jul 15 22:57:54 PDT 2021] - INFO client.Client: 	Closing output stream to server
[Thu Jul 15 22:57:54 PDT 2021] - INFO client.Client: 	Output stream to server closed
[Thu Jul 15 22:57:54 PDT 2021] - INFO client.Client: 	Getting response code from server
[Thu Jul 15 22:57:54 PDT 2021] - INFO client.Client: 	Response code 202 returned
[Thu Jul 15 22:57:54 PDT 2021] - INFO client.Client: 	Getting input stream from server
[Thu Jul 15 22:57:54 PDT 2021] - INFO client.Client: 	Reading input stream into a string
[Thu Jul 15 22:57:54 PDT 2021] - INFO client.Proxy: 	Clear called
[Thu Jul 15 22:57:54 PDT 2021] - INFO client.Client: 	Post without Request Body called
[Thu Jul 15 22:57:54 PDT 2021] - INFO client.Client: 	Attempting to open connection to server
[Thu Jul 15 22:57:54 PDT 2021] - INFO client.Client: 	Connection opened to server
[Thu Jul 15 22:57:54 PDT 2021] - INFO client.Client: 	Setting passoffrequest method to POST
[Thu Jul 15 22:57:54 PDT 2021] - INFO client.Client: 	Request method set to POST
[Thu Jul 15 22:57:54 PDT 2021] - INFO client.Client: 	Setting Do Output to true
[Thu Jul 15 22:57:54 PDT 2021] - INFO client.Client: 	Do Output set to true
[Thu Jul 15 22:57:54 PDT 2021] - INFO client.Client: 	Connecting to server
[Thu Jul 15 22:57:54 PDT 2021] - INFO client.Client: 	Connected to server
[Thu Jul 15 22:57:54 PDT 2021] - INFO client.Client: 	Getting response code from server
[Thu Jul 15 22:57:54 PDT 2021] - INFO client.Client: 	Response code 200 returned
[Thu Jul 15 22:57:54 PDT 2021] - INFO client.Client: 	Getting input stream from server
[Thu Jul 15 22:57:54 PDT 2021] - INFO client.Client: 	Reading input stream into a string
[Thu Jul 15 22:57:54 PDT 2021] - INFO client.Proxy: 	Login called
[Thu Jul 15 22:57:54 PDT 2021] - INFO client.Client: 	Post with Request Body called
[Thu Jul 15 22:57:54 PDT 2021] - INFO client.Client: 	Attempting to open connection to server
[Thu Jul 15 22:57:54 PDT 2021] - INFO client.Client: 	Connection opened to server
[Thu Jul 15 22:57:54 PDT 2021] - INFO client.Client: 	Setting passoffrequest method to POST
[Thu Jul 15 22:57:54 PDT 2021] - INFO client.Client: 	Request method set to POST
[Thu Jul 15 22:57:54 PDT 2021] - INFO client.Client: 	Setting Do Output to true
[Thu Jul 15 22:57:54 PDT 2021] - INFO client.Client: 	Do Output set to true
[Thu Jul 15 22:57:54 PDT 2021] - INFO client.Client: 	Connecting to server
[Thu Jul 15 22:57:54 PDT 2021] - INFO client.Client: 	Connected to server
[Thu Jul 15 22:57:54 PDT 2021] - INFO client.Client: 	Opening output stream to server
[Thu Jul 15 22:57:54 PDT 2021] - INFO client.Client: 	Writing passoffrequest to server output stream
[Thu Jul 15 22:57:54 PDT 2021] - INFO client.Client: 	Request written to server output stream
[Thu Jul 15 22:57:54 PDT 2021] - INFO client.Client: 	Closing output stream to server
[Thu Jul 15 22:57:54 PDT 2021] - INFO client.Client: 	Output stream to server closed
[Thu Jul 15 22:57:54 PDT 2021] - INFO client.Client: 	Getting response code from server
[Thu Jul 15 22:57:54 PDT 2021] - INFO client.Client: 	Response code 400 returned
[Thu Jul 15 22:57:54 PDT 2021] - INFO client.Client: 	Getting input stream from server
[Thu Jul 15 22:57:54 PDT 2021] - INFO client.Client: 	Reading input stream into a string
[Thu Jul 15 22:57:54 PDT 2021] - INFO client.Proxy: 	Login called
[Thu Jul 15 22:57:54 PDT 2021] - INFO client.Client: 	Post with Request Body called
[Thu Jul 15 22:57:54 PDT 2021] - INFO client.Client: 	Attempting to open connection to server
[Thu Jul 15 22:57:54 PDT 2021] - INFO client.Client: 	Connection opened to server
[Thu Jul 15 22:57:54 PDT 2021] - INFO client.Client: 	Setting passoffrequest method to POST
[Thu Jul 15 22:57:54 PDT 2021] - INFO client.Client: 	Request method set to POST
[Thu Jul 15 22:57:54 PDT 2021] - INFO client.Client: 	Setting Do Output to true
[Thu Jul 15 22:57:54 PDT 2021] - INFO client.Client: 	Do Output set to true
[Thu Jul 15 22:57:54 PDT 2021] - INFO client.Client: 	Connecting to server
[Thu Jul 15 22:57:54 PDT 2021] - INFO client.Client: 	Connected to server
[Thu Jul 15 22:57:54 PDT 2021] - INFO client.Client: 	Opening output stream to server
[Thu Jul 15 22:57:54 PDT 2021] - INFO client.Client: 	Writing passoffrequest to server output stream
[Thu Jul 15 22:57:54 PDT 2021] - INFO client.Client: 	Request written to server output stream
[Thu Jul 15 22:57:54 PDT 2021] - INFO client.Client: 	Closing output stream to server
[Thu Jul 15 22:57:54 PDT 2021] - INFO client.Client: 	Output stream to server closed
[Thu Jul 15 22:57:54 PDT 2021] - INFO client.Client: 	Getting response code from server
[Thu Jul 15 22:57:54 PDT 2021] - INFO client.Client: 	Response code 400 returned
[Thu Jul 15 22:57:54 PDT 2021] - INFO client.Client: 	Getting input stream from server
[Thu Jul 15 22:57:54 PDT 2021] - INFO client.Client: 	Reading input stream into a string
[Thu Jul 15 22:57:54 PDT 2021] - INFO client.Proxy: 	Persons called
[Thu Jul 15 22:57:54 PDT 2021] - INFO client.Client: 	Get with Auth Token called
[Thu Jul 15 22:57:54 PDT 2021] - INFO client.Client: 	Attempting to open connection to server
[Thu Jul 15 22:57:54 PDT 2021] - INFO client.Client: 	Connection opened to server
[Thu Jul 15 22:57:54 PDT 2021] - INFO client.Client: 	Setting passoffrequest method to GET
[Thu Jul 15 22:57:54 PDT 2021] - INFO client.Client: 	Request method set to GET
[Thu Jul 15 22:57:54 PDT 2021] - INFO client.Client: 	Setting Do Output to false
[Thu Jul 15 22:57:54 PDT 2021] - INFO client.Client: 	Do Output set to false
[Thu Jul 15 22:57:54 PDT 2021] - INFO client.Client: 	Adding Auth token 39d85367-ff1a-443b-9ecb-fe5af4424b06
[Thu Jul 15 22:57:54 PDT 2021] - INFO client.Client: 	Auth token set to 39d85367-ff1a-443b-9ecb-fe5af4424b06
[Thu Jul 15 22:57:54 PDT 2021] - INFO client.Client: 	Connecting to server
[Thu Jul 15 22:57:54 PDT 2021] - INFO client.Client: 	Connected to server
[Thu Jul 15 22:57:54 PDT 2021] - INFO client.Client: 	Getting response code from server
[Thu Jul 15 22:57:54 PDT 2021] - INFO client.Client: 	Response code 500 returned
[Thu Jul 15 22:57:54 PDT 2021] - INFO client.Client: 	Getting input stream from server
[Thu Jul 15 22:57:54 PDT 2021] - INFO client.Client: 	Reading input stream into a string
